生成启动时间为 2018/8/20 9:50:21。
     1>项目“F:\Opengl\Git_OpenGL\dependence\OpenglLib\glut\source\glut-3.7.6\lib\glut\glut32.vcxproj”在节点 2 上(Rebuild 个目标)。
     1>ClCompile:
         C:\Program Files (x86)\Microsoft Visual Studio 12.0\VC\bin\CL.exe /c /I..\..\include /ZI /nologo /W3 /WX- /Od /Oy- /D WIN32 /D _DEBUG /D _WINDOWS /D _USRDLL /D GLUT32_EXPORTS /D _VC80_UPGRADE=0x0600 /D _WINDLL /D _MBCS /Gm /EHsc /RTC1 /MTd /GS /fp:precise /Zc:wchar_t /Zc:forScope /Fo".\Debug/" /Fd".\Debug/vc120.pdb" /Gd /TC /analyze- /errorReport:prompt glut_8x13.c glut_9x15.c glut_bitmap.c glut_bwidth.c glut_cindex.c glut_cmap.c glut_cursor.c glut_dials.c glut_dstr.c glut_event.c glut_ext.c glut_fcb.c glut_fullscrn.c glut_gamemode.c glut_get.c glut_glxext.c glut_hel10.c glut_hel12.c glut_hel18.c glut_init.c glut_input.c glut_joy.c glut_key.c glut_keyctrl.c glut_keyup.c glut_mesa.c glut_modifier.c glut_mroman.c glut_overlay.c glut_roman.c glut_shapes.c glut_space.c glut_stroke.c glut_swap.c glut_swidth.c glut_tablet.c glut_teapot.c glut_tr10.c glut_tr24.c glut_util.c glut_vidresize.c glut_warp.c glut_win.c glut_winmisc.c win32_glx.c win32_menu.c win32_util.c win32_winproc.c win32_x11.c
         win32_x11.c
         win32_winproc.c
         win32_util.c
         win32_menu.c
     1>f:\opengl\git_opengl\dependence\opengllib\glut\source\glut-3.7.6\lib\glut\win32_menu.c(410): warning C4996: 'strdup': The POSIX name for this item is deprecated. Instead, use the ISO C++ conformant name: _strdup. See online help for details.
                 c:\program files (x86)\microsoft visual studio 12.0\vc\include\string.h(245) : 参见“strdup”的声明
     1>f:\opengl\git_opengl\dependence\opengllib\glut\source\glut-3.7.6\lib\glut\win32_menu.c(449): warning C4996: 'strdup': The POSIX name for this item is deprecated. Instead, use the ISO C++ conformant name: _strdup. See online help for details.
                 c:\program files (x86)\microsoft visual studio 12.0\vc\include\string.h(245) : 参见“strdup”的声明
         win32_glx.c
         glut_winmisc.c
         glut_win.c
         glut_warp.c
         glut_vidresize.c
         glut_util.c
     1>f:\opengl\git_opengl\dependence\opengllib\glut\source\glut-3.7.6\lib\glut\glut_util.c(27): warning C4996: 'strcpy': This function or variable may be unsafe. Consider using strcpy_s instead. To disable deprecation, use _CRT_SECURE_NO_WARNINGS. See online help for details.
                 c:\program files (x86)\microsoft visual studio 12.0\vc\include\string.h(112) : 参见“strcpy”的声明
         glut_tr24.c
         glut_tr10.c
         glut_teapot.c
         glut_tablet.c
         glut_swidth.c
         glut_swap.c
         glut_stroke.c
         glut_space.c
         glut_shapes.c
         glut_roman.c
         正在生成代码...
         正在编译...
         glut_overlay.c
         glut_mroman.c
         glut_modifier.c
         glut_mesa.c
     1>f:\opengl\git_opengl\dependence\opengllib\glut\source\glut-3.7.6\lib\glut\glut_mesa.c(34): warning C4996: 'getenv': This function or variable may be unsafe. Consider using _dupenv_s instead. To disable deprecation, use _CRT_SECURE_NO_WARNINGS. See online help for details.
                 c:\program files (x86)\microsoft visual studio 12.0\vc\include\stdlib.h(462) : 参见“getenv”的声明
         glut_keyup.c
         glut_keyctrl.c
         glut_key.c
         glut_joy.c
         glut_input.c
         glut_init.c
         glut_hel18.c
         glut_hel12.c
         glut_hel10.c
         glut_glxext.c
         glut_get.c
         glut_gamemode.c
     1>f:\opengl\git_opengl\dependence\opengllib\glut\source\glut-3.7.6\lib\glut\glut_gamemode.c(514): warning C4996: 'strtok': This function or variable may be unsafe. Consider using strtok_s instead. To disable deprecation, use _CRT_SECURE_NO_WARNINGS. See online help for details.
                 c:\program files (x86)\microsoft visual studio 12.0\vc\include\string.h(204) : 参见“strtok”的声明
     1>f:\opengl\git_opengl\dependence\opengllib\glut\source\glut-3.7.6\lib\glut\glut_gamemode.c(517): warning C4996: 'strtok': This function or variable may be unsafe. Consider using strtok_s instead. To disable deprecation, use _CRT_SECURE_NO_WARNINGS. See online help for details.
                 c:\program files (x86)\microsoft visual studio 12.0\vc\include\string.h(204) : 参见“strtok”的声明
     1>f:\opengl\git_opengl\dependence\opengllib\glut\source\glut-3.7.6\lib\glut\glut_gamemode.c(528): warning C4996: 'strcpy': This function or variable may be unsafe. Consider using strcpy_s instead. To disable deprecation, use _CRT_SECURE_NO_WARNINGS. See online help for details.
                 c:\program files (x86)\microsoft visual studio 12.0\vc\include\string.h(112) : 参见“strcpy”的声明
     1>f:\opengl\git_opengl\dependence\opengllib\glut\source\glut-3.7.6\lib\glut\glut_gamemode.c(531): warning C4996: 'strtok': This function or variable may be unsafe. Consider using strtok_s instead. To disable deprecation, use _CRT_SECURE_NO_WARNINGS. See online help for details.
                 c:\program files (x86)\microsoft visual studio 12.0\vc\include\string.h(204) : 参见“strtok”的声明
     1>f:\opengl\git_opengl\dependence\opengllib\glut\source\glut-3.7.6\lib\glut\glut_gamemode.c(539): warning C4996: 'strtok': This function or variable may be unsafe. Consider using strtok_s instead. To disable deprecation, use _CRT_SECURE_NO_WARNINGS. See online help for details.
                 c:\program files (x86)\microsoft visual studio 12.0\vc\include\string.h(204) : 参见“strtok”的声明
         glut_fullscrn.c
         glut_fcb.c
         glut_ext.c
         glut_event.c
         正在生成代码...
         正在编译...
         glut_dstr.c
     1>f:\opengl\git_opengl\dependence\opengllib\glut\source\glut-3.7.6\lib\glut\glut_dstr.c(1216): warning C4996: 'strtok': This function or variable may be unsafe. Consider using strtok_s instead. To disable deprecation, use _CRT_SECURE_NO_WARNINGS. See online help for details.
                 c:\program files (x86)\microsoft visual studio 12.0\vc\include\string.h(204) : 参见“strtok”的声明
     1>f:\opengl\git_opengl\dependence\opengllib\glut\source\glut-3.7.6\lib\glut\glut_dstr.c(1219): warning C4996: 'strtok': This function or variable may be unsafe. Consider using strtok_s instead. To disable deprecation, use _CRT_SECURE_NO_WARNINGS. See online help for details.
                 c:\program files (x86)\microsoft visual studio 12.0\vc\include\string.h(204) : 参见“strtok”的声明
     1>f:\opengl\git_opengl\dependence\opengllib\glut\source\glut-3.7.6\lib\glut\glut_dstr.c(1230): warning C4996: 'strcpy': This function or variable may be unsafe. Consider using strcpy_s instead. To disable deprecation, use _CRT_SECURE_NO_WARNINGS. See online help for details.
                 c:\program files (x86)\microsoft visual studio 12.0\vc\include\string.h(112) : 参见“strcpy”的声明
     1>f:\opengl\git_opengl\dependence\opengllib\glut\source\glut-3.7.6\lib\glut\glut_dstr.c(1241): warning C4996: 'strtok': This function or variable may be unsafe. Consider using strtok_s instead. To disable deprecation, use _CRT_SECURE_NO_WARNINGS. See online help for details.
                 c:\program files (x86)\microsoft visual studio 12.0\vc\include\string.h(204) : 参见“strtok”的声明
     1>f:\opengl\git_opengl\dependence\opengllib\glut\source\glut-3.7.6\lib\glut\glut_dstr.c(1249): warning C4996: 'strtok': This function or variable may be unsafe. Consider using strtok_s instead. To disable deprecation, use _CRT_SECURE_NO_WARNINGS. See online help for details.
                 c:\program files (x86)\microsoft visual studio 12.0\vc\include\string.h(204) : 参见“strtok”的声明
         glut_dials.c
         glut_cursor.c
         glut_cmap.c
         glut_cindex.c
         glut_bwidth.c
         glut_bitmap.c
         glut_9x15.c
         glut_8x13.c
         正在生成代码...
       ResourceCompile:
         C:\Program Files (x86)\Windows Kits\8.1\bin\x86\rc.exe /D _DEBUG /D _VC80_UPGRADE=0x0600 /l"0x0409" /nologo /fo".\Debug\glut.res" glut.rc 
       Link:
         C:\Program Files (x86)\Microsoft Visual Studio 12.0\VC\bin\link.exe /ERRORREPORT:PROMPT /OUT:".\Debug/glut32.dll" /INCREMENTAL /NOLOGO odbc32.lib odbccp32.lib winmm.lib glu32.lib opengl32.lib kernel32.lib user32.lib gdi32.lib winspool.lib comdlg32.lib advapi32.lib shell32.lib ole32.lib oleaut32.lib uuid.lib odbc32.lib odbccp32.lib /NODEFAULTLIB:glut32.lib /DEF:".\glut.def" /MANIFEST /MANIFESTUAC:"level='asInvoker' uiAccess='false'" /manifest:embed /DEBUG /PDB:".\Debug/glut32.pdb" /TLBID:1 /DYNAMICBASE:NO /IMPLIB:".\Debug/glut32.lib" /MACHINE:X86 /SAFESEH /DLL .\Debug\glut.res
         .\Debug/glut_8x13.obj
         .\Debug/glut_9x15.obj
         .\Debug/glut_bitmap.obj
         .\Debug/glut_bwidth.obj
         .\Debug/glut_cindex.obj
         .\Debug/glut_cmap.obj
         .\Debug/glut_cursor.obj
         .\Debug/glut_dials.obj
         .\Debug/glut_dstr.obj
         .\Debug/glut_event.obj
         .\Debug/glut_ext.obj
         .\Debug/glut_fcb.obj
         .\Debug/glut_fullscrn.obj
         .\Debug/glut_gamemode.obj
         .\Debug/glut_get.obj
         .\Debug/glut_glxext.obj
         .\Debug/glut_hel10.obj
         .\Debug/glut_hel12.obj
         .\Debug/glut_hel18.obj
         .\Debug/glut_init.obj
         .\Debug/glut_input.obj
         .\Debug/glut_joy.obj
         .\Debug/glut_key.obj
         .\Debug/glut_keyctrl.obj
         .\Debug/glut_keyup.obj
         .\Debug/glut_mesa.obj
         .\Debug/glut_modifier.obj
         .\Debug/glut_mroman.obj
         .\Debug/glut_overlay.obj
         .\Debug/glut_roman.obj
         .\Debug/glut_shapes.obj
         .\Debug/glut_space.obj
         .\Debug/glut_stroke.obj
         .\Debug/glut_swap.obj
         .\Debug/glut_swidth.obj
         .\Debug/glut_tablet.obj
         .\Debug/glut_teapot.obj
         .\Debug/glut_tr10.obj
         .\Debug/glut_tr24.obj
         .\Debug/glut_util.obj
         .\Debug/glut_vidresize.obj
         .\Debug/glut_warp.obj
         .\Debug/glut_win.obj
         .\Debug/glut_winmisc.obj
         .\Debug/win32_glx.obj
         .\Debug/win32_menu.obj
         .\Debug/win32_util.obj
         .\Debug/win32_winproc.obj
         .\Debug/win32_x11.obj
     1>glut_8x13.obj : warning LNK4075: 忽略“/EDITANDCONTINUE”(由于“/SAFESEH”规范)
     1>.\glut.def(1): warning LNK4017: DESCRIPTION 语句不支持目标平台；已忽略
            正在创建库 .\Debug/glut32.lib 和对象 .\Debug/glut32.exp
         glut32.vcxproj -> F:\Opengl\Git_OpenGL\dependence\OpenglLib\glut\source\glut-3.7.6\lib\glut\.\Debug\glut32.dll
     1>已完成生成项目“F:\Opengl\Git_OpenGL\dependence\OpenglLib\glut\source\glut-3.7.6\lib\glut\glut32.vcxproj”(Rebuild 个目标)的操作。

生成成功。

已用时间 00:00:17.92
