f:\opengl\git_opengl\dependence\opengllib\glut\source\glut-3.7.6\lib\glut\release\glut_8x13.obj
f:\opengl\git_opengl\dependence\opengllib\glut\source\glut-3.7.6\lib\glut\release\glut_9x15.obj
f:\opengl\git_opengl\dependence\opengllib\glut\source\glut-3.7.6\lib\glut\release\glut_bitmap.obj
f:\opengl\git_opengl\dependence\opengllib\glut\source\glut-3.7.6\lib\glut\release\glut_bwidth.obj
f:\opengl\git_opengl\dependence\opengllib\glut\source\glut-3.7.6\lib\glut\release\glut_cindex.obj
f:\opengl\git_opengl\dependence\opengllib\glut\source\glut-3.7.6\lib\glut\release\glut_cmap.obj
f:\opengl\git_opengl\dependence\opengllib\glut\source\glut-3.7.6\lib\glut\release\glut_cursor.obj
f:\opengl\git_opengl\dependence\opengllib\glut\source\glut-3.7.6\lib\glut\release\glut_dials.obj
f:\opengl\git_opengl\dependence\opengllib\glut\source\glut-3.7.6\lib\glut\release\glut_dstr.obj
f:\opengl\git_opengl\dependence\opengllib\glut\source\glut-3.7.6\lib\glut\release\glut_event.obj
f:\opengl\git_opengl\dependence\opengllib\glut\source\glut-3.7.6\lib\glut\release\glut_ext.obj
f:\opengl\git_opengl\dependence\opengllib\glut\source\glut-3.7.6\lib\glut\release\glut_fcb.obj
f:\opengl\git_opengl\dependence\opengllib\glut\source\glut-3.7.6\lib\glut\release\glut_fullscrn.obj
f:\opengl\git_opengl\dependence\opengllib\glut\source\glut-3.7.6\lib\glut\release\glut_gamemode.obj
f:\opengl\git_opengl\dependence\opengllib\glut\source\glut-3.7.6\lib\glut\release\glut_get.obj
f:\opengl\git_opengl\dependence\opengllib\glut\source\glut-3.7.6\lib\glut\release\glut_glxext.obj
f:\opengl\git_opengl\dependence\opengllib\glut\source\glut-3.7.6\lib\glut\release\glut_hel10.obj
f:\opengl\git_opengl\dependence\opengllib\glut\source\glut-3.7.6\lib\glut\release\glut_hel12.obj
f:\opengl\git_opengl\dependence\opengllib\glut\source\glut-3.7.6\lib\glut\release\glut_hel18.obj
f:\opengl\git_opengl\dependence\opengllib\glut\source\glut-3.7.6\lib\glut\release\glut_init.obj
f:\opengl\git_opengl\dependence\opengllib\glut\source\glut-3.7.6\lib\glut\release\glut_input.obj
f:\opengl\git_opengl\dependence\opengllib\glut\source\glut-3.7.6\lib\glut\release\glut_joy.obj
f:\opengl\git_opengl\dependence\opengllib\glut\source\glut-3.7.6\lib\glut\release\glut_key.obj
f:\opengl\git_opengl\dependence\opengllib\glut\source\glut-3.7.6\lib\glut\release\glut_keyctrl.obj
f:\opengl\git_opengl\dependence\opengllib\glut\source\glut-3.7.6\lib\glut\release\glut_keyup.obj
f:\opengl\git_opengl\dependence\opengllib\glut\source\glut-3.7.6\lib\glut\release\glut_mesa.obj
f:\opengl\git_opengl\dependence\opengllib\glut\source\glut-3.7.6\lib\glut\release\glut_modifier.obj
f:\opengl\git_opengl\dependence\opengllib\glut\source\glut-3.7.6\lib\glut\release\glut_mroman.obj
f:\opengl\git_opengl\dependence\opengllib\glut\source\glut-3.7.6\lib\glut\release\glut_overlay.obj
f:\opengl\git_opengl\dependence\opengllib\glut\source\glut-3.7.6\lib\glut\release\glut_roman.obj
f:\opengl\git_opengl\dependence\opengllib\glut\source\glut-3.7.6\lib\glut\release\glut_shapes.obj
f:\opengl\git_opengl\dependence\opengllib\glut\source\glut-3.7.6\lib\glut\release\glut_space.obj
f:\opengl\git_opengl\dependence\opengllib\glut\source\glut-3.7.6\lib\glut\release\glut_stroke.obj
f:\opengl\git_opengl\dependence\opengllib\glut\source\glut-3.7.6\lib\glut\release\glut_swap.obj
f:\opengl\git_opengl\dependence\opengllib\glut\source\glut-3.7.6\lib\glut\release\glut_swidth.obj
f:\opengl\git_opengl\dependence\opengllib\glut\source\glut-3.7.6\lib\glut\release\glut_tablet.obj
f:\opengl\git_opengl\dependence\opengllib\glut\source\glut-3.7.6\lib\glut\release\glut_teapot.obj
f:\opengl\git_opengl\dependence\opengllib\glut\source\glut-3.7.6\lib\glut\release\glut_tr10.obj
f:\opengl\git_opengl\dependence\opengllib\glut\source\glut-3.7.6\lib\glut\release\glut_tr24.obj
f:\opengl\git_opengl\dependence\opengllib\glut\source\glut-3.7.6\lib\glut\release\glut_util.obj
f:\opengl\git_opengl\dependence\opengllib\glut\source\glut-3.7.6\lib\glut\release\glut_vidresize.obj
f:\opengl\git_opengl\dependence\opengllib\glut\source\glut-3.7.6\lib\glut\release\glut_warp.obj
f:\opengl\git_opengl\dependence\opengllib\glut\source\glut-3.7.6\lib\glut\release\glut_win.obj
f:\opengl\git_opengl\dependence\opengllib\glut\source\glut-3.7.6\lib\glut\release\glut_winmisc.obj
f:\opengl\git_opengl\dependence\opengllib\glut\source\glut-3.7.6\lib\glut\release\win32_glx.obj
f:\opengl\git_opengl\dependence\opengllib\glut\source\glut-3.7.6\lib\glut\release\win32_menu.obj
f:\opengl\git_opengl\dependence\opengllib\glut\source\glut-3.7.6\lib\glut\release\win32_util.obj
f:\opengl\git_opengl\dependence\opengllib\glut\source\glut-3.7.6\lib\glut\release\win32_winproc.obj
f:\opengl\git_opengl\dependence\opengllib\glut\source\glut-3.7.6\lib\glut\release\win32_x11.obj
f:\opengl\git_opengl\dependence\opengllib\glut\source\glut-3.7.6\lib\glut\release\glut64.exp
f:\opengl\git_opengl\dependence\opengllib\glut\source\glut-3.7.6\lib\glut\release\vc120.pdb
